Restoring modules from user's caf, for system: "ch"
submitted processes: 52
cp: cannot stat './parallel_ap.pbs': No such file or directory
--------  Start Parallel SnowModel Simulation --------
Running: ./sm_parallel_nonetcdf; sleep 1  - Please wait...
Running: ./sm_parallel_nonetcdf; sleep 1  - Please wait...
Running: ./sm_parallel_nonetcdf; sleep 1  - Please wait...
Running: ./sm_parallel_nonetcdf; sleep 1  - Please wait...
Running: ./sm_parallel_nonetcdf; sleep 1  - Please wait...
Running: ./sm_parallel_nonetcdf; sleep 1  - Please wait...
Running: ./sm_parallel_nonetcdf; sleep 1  - Please wait...
Running: ./sm_parallel_nonetcdf; sleep 1  - Please wait...
Running: ./sm_parallel_nonetcdf; sleep 1  - Please wait...
Running: ./sm_parallel_nonetcdf; sleep 1  - Please wait...
Running: ./sm_parallel_nonetcdf; sleep 1  - Please wait...
Running: ./sm_parallel_nonetcdf; sleep 1  - Please wait...
Running: ./sm_parallel_nonetcdf; sleep 1  - Please wait...
Running: ./sm_parallel_nonetcdf; sleep 1  - Please wait...
Running: ./sm_parallel_nonetcdf; sleep 1  - Please wait...
Running: ./sm_parallel_nonetcdf; sleep 1  - Please wait...
Running: ./sm_parallel_nonetcdf; sleep 1  - Please wait...
Running: ./sm_parallel_nonetcdf; sleep 1  - Please wait...
Running: ./sm_parallel_nonetcdf; sleep 1  - Please wait...
Running: ./sm_parallel_nonetcdf; sleep 1  - Please wait...
Running: ./sm_parallel_nonetcdf; sleep 1  - Please wait...
Running: ./sm_parallel_nonetcdf; sleep 1  - Please wait...
Running: ./sm_parallel_nonetcdf; sleep 1  - Please wait...
Running: ./sm_parallel_nonetcdf; sleep 1  - Please wait...
Running: ./sm_parallel_nonetcdf; sleep 1  - Please wait...
Running: ./sm_parallel_nonetcdf; sleep 1  - Please wait...
Running: ./sm_parallel_nonetcdf; sleep 1  - Please wait...
Running: ./sm_parallel_nonetcdf; sleep 1  - Please wait...
Running: ./sm_parallel_nonetcdf; sleep 1  - Please wait...
Running: ./sm_parallel_nonetcdf; sleep 1  - Please wait...
Running: ./sm_parallel_nonetcdf; sleep 1  - Please wait...
Running: ./sm_parallel_nonetcdf; sleep 1  - Please wait...
Running: ./sm_parallel_nonetcdf; sleep 1  - Please wait...
Running: ./sm_parallel_nonetcdf; sleep 1  - Please wait...
Running: ./sm_parallel_nonetcdf; sleep 1  - Please wait...
Running: ./sm_parallel_nonetcdf; sleep 1  - Please wait...
Running: ./sm_parallel_nonetcdf; sleep 1  - Please wait...
Running: ./sm_parallel_nonetcdf; sleep 1  - Please wait...
Running: ./sm_parallel_nonetcdf; sleep 1  - Please wait...
Running: ./sm_parallel_nonetcdf; sleep 1  - Please wait...
Running: ./sm_parallel_nonetcdf; sleep 1  - Please wait...
Running: ./sm_parallel_nonetcdf; sleep 1  - Please wait...
Running: ./sm_parallel_nonetcdf; sleep 1  - Please wait...
Running: ./sm_parallel_nonetcdf; sleep 1  - Please wait...
Running: ./sm_parallel_nonetcdf; sleep 1  - Please wait...
Running: ./sm_parallel_nonetcdf; sleep 1  - Please wait...
Running: ./sm_parallel_nonetcdf; sleep 1  - Please wait...
Running: ./sm_parallel_nonetcdf; sleep 1  - Please wait...
Running: ./sm_parallel_nonetcdf; sleep 1  - Please wait...
Running: ./sm_parallel_nonetcdf; sleep 1  - Please wait...
Running: ./sm_parallel_nonetcdf; sleep 1  - Please wait...
Running: ./sm_parallel_nonetcdf; sleep 1  - Please wait...
 snowmodel.par                                                                                       
 nx =       46238
 ny =       28260
 deltax =   100.000000    
 deltay =   100.000000    
 xmn =  -2236350.0000000000     
 ymn =  -854050.00000000000     
 dt =   10800.0000    
 iyear_init =        2018
 imonth_init =           3
 iday_init =          23
 xhour_init =   3.00000000    
 max_iter =          16
 isingle_stn_flag =           0
 igrads_metfile =           0
 netcdf_fpath = /glade/scratch/rossamower/snow/snowmodel/data/wrf_30yr/
 met_input_fname = met/nldas2/7_mk_mm/mm_3hrly_scaling.dat
 undef =  -9999.00000    
 ascii_topoveg =   0.00000000    
 topoveg_fname = ./topo_vege/NoAm_30m/topo_vege.gdat
 topo_ascii_fname = xxxxxxx
 veg_ascii_fname = xxxxxxx
 veg_shd_25 =  0.100000001    
 veg_shd_26 =  0.100000001    
 veg_shd_27 =  0.100000001    
 veg_shd_28 =  0.100000001    
 veg_shd_29 =  0.100000001    
 veg_shd_30 =  0.100000001    
 const_veg_flag =   0.00000000    
 iveg_ht_flag =           0
 xlat =   41.7999992    
 lat_solar_flag =          -1
 UTC_flag =  -1.00000000    
 run_micromet =   1.00000000    
 run_enbal =   1.00000000    
 run_snowpack =   1.00000000    
 run_snowtran =   1.00000000    
 irun_data_assim =           0
 ihrestart_flag =          -2
 i_dataassim_loop =           1
 ihrestart_inc =           0
 i_tair_flag =           1
 i_rh_flag =           1
 i_wind_flag =           1
 i_solar_flag =           1
 i_longwave_flag =           1
 i_prec_flag =           1
 ifill =           1
 iobsint =           0
 dn =   1.00000000    
 barnes_lg_domain =   1.00000000    
 n_stns_used =           4
 snowmodel_line_flag =   0.00000000    
 check_met_data =   0.00000000    
 curve_len_scale =   200.000000    
 slopewt =  0.250000000    
 curvewt =  0.750000000    
 curve_lg_scale_flag =   0.00000000    
 windspd_min =   1.00000000    
 lapse_rate_user_flag =           0
 iprecip_lapse_rate_user_flag =           0
 iprecip_scheme =           1
 snowfall_frac =   3.00000000    
 wind_lapse_rate =   0.00000000    
 calc_subcanopy_met =   1.00000000    
 gap_frac =  0.400000006    
 cloud_frac_factor =  0.899999976    
 use_shortwave_obs =   0.00000000    
 use_longwave_obs =   0.00000000    
 use_sfc_pressure_obs =   0.00000000    
 cf_precip_flag =   0.00000000    
 Utau_t_flag =   0.00000000    
 Utau_t_const =  0.250000000    
 subgrid_flag =   0.00000000    
 tabler_dir =   270.000000    
 slope_adjust =   1.00000000    
 twolayer_flag =   1.00000000    
 bc_flag =   0.00000000    
 ht_windobs =   10.0000000    
 ht_rhobs =   2.00000000    
 ro_snow =   350.000000    
 snow_d_init_const =   0.00000000    
 topoflag =   1.00000000    
 icond_flag =           0
 albedo_snow_forest =  0.449999988    
 albedo_snow_clearing =  0.600000024    
 albedo_glacier =  0.400000006    
 sfc_sublim_flag =   1.00000000    
 multilayer_snowpack =           0
 tsls_threshold =   24.0000000    
 max_layers =           1
 dz_snow_min =   1.00000005E-03
 izero_snow_date =       90100
 seaice_run =   0.00000000    
 print_micromet =   0.00000000    
 micromet_output_fname = outputs/micromet.gdat
 print_snowtran =   0.00000000    
 snowtran_output_fname = outputs/snowtran.gdat
 Tabler_1_flag =   0.00000000    
 tabler_sfc_path_name = outputs/tabler/
 Tabler_2_flag =   0.00000000    
 print_enbal =   0.00000000    
 enbal_output_fname = outputs/enbal.gdat
 print_snowpack =   0.00000000    
 snowpack_output_fname = outputs/snowpack.gdat
 print_multilayer =   0.00000000    
 multilayer_output_fname = outputs/multilayer.gdat
 print_user =   1.00000000    
 print_inc =   8.00000000    
 print_parallel =   1.00000000    
 output_path_wo_assim = outputs/wo_assim/np_52/binary/
 output_path_wi_assim = outputs/wi_assim/
 print_var_01 = y
 print_var_02 = y
 print_var_03 = y
 print_var_04 = y
 print_var_05 = y
 print_var_06 = y
 print_var_07 = y
 print_var_08 = y
 print_var_09 = y
 print_var_10 = y
 print_var_11 = y
 print_var_12 = y
 print_var_13 = y
 print_var_14 = y
 print_var_15 = n
 print_var_16 = y
 print_var_17 = y
 print_var_18 = y
 print_var_19 = n
 print_var_20 = n
 print_var_21 = n
 print_var_22 = n
 print_var_23 = n
 print_var_24 = n
 print_var_25 = n
 print_var_26 = n
 print_var_27 = n
 print_var_28 = n
 print_var_29 = n
 print_var_30 = n
 Number of processors =          52
 Github branch name = parallel-sm-paper
 Github commit hash = 4e5094e
 You are running the large-domain Barnes oi scheme
   This requires:
   1) no missing data for the fields of interest
   2) no missing stations during the simulation
   3) met file must list stations in the same order
   4) the number of nearest stns used is 9 or less
   5)  **** no error checking for this is done ****
 Generating nearest-station index.  Be patient.
 cccccccccccccccccccccccccccccccccccccccccccccccccccccccccccc
 c     Snow-Transport Modeling System - 3D (SnowTran-3D)    c
 c                    Copyright (C) 1998                    c
 c          by Glen E. Liston, InterWorks Consulting        c
 c                    All Rights Reserved                   c
 cccccccccccccccccccccccccccccccccccccccccccccccccccccccccccc
                   WORKING ON MODEL TIME = 2018   3  23   3.0
                   WORKING ON MODEL TIME = 2018   3  23   6.0
                   WORKING ON MODEL TIME = 2018   3  23   9.0
                   WORKING ON MODEL TIME = 2018   3  23  12.0
                   WORKING ON MODEL TIME = 2018   3  23  15.0
                   WORKING ON MODEL TIME = 2018   3  23  18.0
                   WORKING ON MODEL TIME = 2018   3  23  21.0
                   WORKING ON MODEL TIME = 2018   3  24   0.0
                   WORKING ON MODEL TIME = 2018   3  24   3.0
                   WORKING ON MODEL TIME = 2018   3  24   6.0
                   WORKING ON MODEL TIME = 2018   3  24   9.0
                   WORKING ON MODEL TIME = 2018   3  24  12.0
                   WORKING ON MODEL TIME = 2018   3  24  15.0
                   WORKING ON MODEL TIME = 2018   3  24  18.0
                   WORKING ON MODEL TIME = 2018   3  24  21.0
                   WORKING ON MODEL TIME = 2018   3  25   0.0
 ReadParam Time :         2.56475899E-03
 PreProc Time :           10125.4912    
 Distribute Time :        0.00000000    
 MicroMet Time :          4540.30518    
 EnBal Time :             128.435791    
 SnowPack Time :          192.192841    
 SnowTran Time :          623.271667    
 SnowTran Comm Time :     140.116318    
 Gather Time :            0.00000000    
 Output Time :            42.4347153    
 Master NonInit Time :    5552.09814    
 Master Total Time :      15687.8652    
 !!!!!!!!!!!!!!!!!!!!!!!!!!!!!!!!!!!!!!!!!!!!!!!!!!!!!!!!!!!!!!!
 !!!!!!!!!!!!!!!!!!!!!!!!!!!!!!!!!!!!!!!!!!!!!!!!!!!!!!!!!!!!!!!
                  The SnowModel Run Has Finished                
 !!!!!!!!!!!!!!!!!!!!!!!!!!!!!!!!!!!!!!!!!!!!!!!!!!!!!!!!!!!!!!!
 !!!!!!!!!!!!!!!!!!!!!!!!!!!!!!!!!!!!!!!!!!!!!!!!!!!!!!!!!!!!!!!
Used memory in task 0: 21327.33MiB (+7.67MiB overhead). ExitStatus: 0. Signal: 0
Used memory in task 0: 21357.48MiB (+8.16MiB overhead). ExitStatus: 0. Signal: 0
Used memory in task 0: 21326.99MiB (+7.65MiB overhead). ExitStatus: 0. Signal: 0
Used memory in task 0: 21327.27MiB (+7.66MiB overhead). ExitStatus: 0. Signal: 0
Used memory in task 0: 21365.77MiB (+7.74MiB overhead). ExitStatus: 0. Signal: 0
Used memory in task 0: 21365.67MiB (+7.68MiB overhead). ExitStatus: 0. Signal: 0
Used memory in task 0: 21327.16MiB (+7.67MiB overhead). ExitStatus: 0. Signal: 0
Used memory in task 0: 21365.66MiB (+7.68MiB overhead). ExitStatus: 0. Signal: 0
Used memory in task 0: 21327.34MiB (+7.68MiB overhead). ExitStatus: 0. Signal: 0
Used memory in task 0: 21365.74MiB (+7.68MiB overhead). ExitStatus: 0. Signal: 0
Used memory in task 0: 21327.23MiB (+7.68MiB overhead). ExitStatus: 0. Signal: 0
Used memory in task 0: 21365.64MiB (+7.67MiB overhead). ExitStatus: 0. Signal: 0
Used memory in task 0: 21327.15MiB (+7.67MiB overhead). ExitStatus: 0. Signal: 0
Used memory in task 0: 21327.04MiB (+7.68MiB overhead). ExitStatus: 0. Signal: 0
Used memory in task 0: 21365.59MiB (+7.68MiB overhead). ExitStatus: 0. Signal: 0
Used memory in task 0: 21327.07MiB (+7.67MiB overhead). ExitStatus: 0. Signal: 0
Used memory in task 0: 21327.11MiB (+7.68MiB overhead). ExitStatus: 0. Signal: 0
Used memory in task 0: 21365.57MiB (+7.68MiB overhead). ExitStatus: 0. Signal: 0
Used memory in task 0: 21326.49MiB (+7.68MiB overhead). ExitStatus: 0. Signal: 0
Used memory in task 0: 21327.28MiB (+7.66MiB overhead). ExitStatus: 0. Signal: 0
Used memory in task 0: 21327.29MiB (+7.68MiB overhead). ExitStatus: 0. Signal: 0
Used memory in task 0: 21365.80MiB (+7.68MiB overhead). ExitStatus: 0. Signal: 0
Used memory in task 0: 21365.66MiB (+8.16MiB overhead). ExitStatus: 0. Signal: 0
Used memory in task 0: 21365.91MiB (+7.68MiB overhead). ExitStatus: 0. Signal: 0
Used memory in task 0: 21365.81MiB (+7.68MiB overhead). ExitStatus: 0. Signal: 0
Used memory in task 0: 21327.12MiB (+7.67MiB overhead). ExitStatus: 0. Signal: 0
Used memory in task 0: 21326.87MiB (+7.67MiB overhead). ExitStatus: 0. Signal: 0
Used memory in task 0: 21326.96MiB (+7.67MiB overhead). ExitStatus: 0. Signal: 0
Used memory in task 0: 21326.90MiB (+7.67MiB overhead). ExitStatus: 0. Signal: 0
Used memory in task 0: 21327.13MiB (+7.66MiB overhead). ExitStatus: 0. Signal: 0
Used memory in task 0: 21365.32MiB (+8.16MiB overhead). ExitStatus: 0. Signal: 0
Used memory in task 0: 21365.61MiB (+8.16MiB overhead). ExitStatus: 0. Signal: 0
Used memory in task 0: 21365.66MiB (+7.74MiB overhead). ExitStatus: 0. Signal: 0
Used memory in task 0: 21365.66MiB (+7.67MiB overhead). ExitStatus: 0. Signal: 0
Used memory in task 0: 21365.48MiB (+7.67MiB overhead). ExitStatus: 0. Signal: 0
Used memory in task 0: 21327.18MiB (+7.66MiB overhead). ExitStatus: 0. Signal: 0
Used memory in task 0: 21327.48MiB (+7.67MiB overhead). ExitStatus: 0. Signal: 0
Used memory in task 0: 21365.98MiB (+7.68MiB overhead). ExitStatus: 0. Signal: 0
Used memory in task 0: 21365.63MiB (+7.74MiB overhead). ExitStatus: 0. Signal: 0
Used memory in task 0: 21365.70MiB (+7.67MiB overhead). ExitStatus: 0. Signal: 0
Used memory in task 0: 21365.90MiB (+7.68MiB overhead). ExitStatus: 0. Signal: 0
Used memory in task 0: 21327.06MiB (+7.65MiB overhead). ExitStatus: 0. Signal: 0
Used memory in task 0: 21365.71MiB (+7.74MiB overhead). ExitStatus: 0. Signal: 0
Used memory in task 0: 21327.27MiB (+7.68MiB overhead). ExitStatus: 0. Signal: 0
Used memory in task 0: 21327.18MiB (+7.67MiB overhead). ExitStatus: 0. Signal: 0
Used memory in task 0: 21327.04MiB (+7.67MiB overhead). ExitStatus: 0. Signal: 0
Used memory in task 0: 21327.25MiB (+7.68MiB overhead). ExitStatus: 0. Signal: 0
Used memory in task 0: 21327.11MiB (+7.67MiB overhead). ExitStatus: 0. Signal: 0
Used memory in task 0: 21365.67MiB (+7.68MiB overhead). ExitStatus: 0. Signal: 0
Used memory in task 0: 21327.22MiB (+7.65MiB overhead). ExitStatus: 0. Signal: 0
Used memory in task 0: 21327.06MiB (+7.65MiB overhead). ExitStatus: 0. Signal: 0
Used memory in task 0: 21365.89MiB (+7.68MiB overhead). ExitStatus: 0. Signal: 0
real	261m32.451s
user	1041m29.710s
sys	4m10.465s
--------  End Parallel SnowModel Simulation --------
